<?xml version="1.0" encoding="UTF-8"?>
<!-- Generated by org.testng.reporters.JUnitReportReporter -->
<testsuite hostname="DESKTOP-3OONJHS" failures="0" tests="3" name="swagLabsJuly.SwagLabsJuly" time="4.449" errors="0" timestamp="2024-07-30T16:41:39 AST" skipped="0">
  <testcase classname="swagLabsJuly.SwagLabsJuly" name="loginTest" time="0.427"/>
  <system-out/>
  <testcase classname="swagLabsJuly.SwagLabsJuly" name="addToCartAllItems" time="2.636"/>
  <system-out/>
  <testcase classname="swagLabsJuly.SwagLabsJuly" name="removeAllItemsFromCart" time="1.386"/>
  <system-out/>
</testsuite> <!-- swagLabsJuly.SwagLabsJuly -->
